[GIN-debug] [WARNING] Creating an Engine instance with the Logger and Recovery middleware already attached.

[GIN-debug] [WARNING] Running in "debug" mode. Switch to "release" mode in production.
 - using env:	export GIN_MODE=release
 - using code:	gin.SetMode(gin.ReleaseMode)

[GIN-debug] GET    /templates/css/*filepath  --> github.com/gin-gonic/gin.(*RouterGroup).createStaticHandler.func1 (3 handlers)
[GIN-debug] HEAD   /templates/css/*filepath  --> github.com/gin-gonic/gin.(*RouterGroup).createStaticHandler.func1 (3 handlers)
[GIN-debug] Loaded HTML Templates (4): 
	- 
	- footer.html
	- header.html
	- index.html

[GIN-debug] POST   /api/migrate              --> pokedex/controller.MigrateAndPopulateTable (4 handlers)
[GIN-debug] GET    /api/v1/list              --> pokedex/controller.GetPokeList (3 handlers)
[GIN-debug] GET    /api/v1/details           --> pokedex/controller.GetPokeDetails (3 handlers)
[GIN-debug] PATCH  /api/v1/update            --> pokedex/controller.UpdatePokemon (3 handlers)
[GIN-debug] GET    /pokedex                  --> pokedex/controller.GetPokedexView (3 handlers)
[GIN-debug] [WARNING] You trusted all proxies, this is NOT safe. We recommend you to set a value.
Please check https://pkg.go.dev/github.com/gin-gonic/gin#readme-don-t-trust-all-proxies for details.
[GIN-debug] Environment variable PORT is undefined. Using port :8080 by default
[GIN-debug] Listening and serving HTTP on :8080
[GIN] 2022/11/02 - 12:16:28 | 200 |     868.528µs |             ::1 | GET      "/api/v1/details?id=0"
[GIN] 2022/11/02 - 12:16:32 | 200 |      541.48µs |             ::1 | GET      "/api/v1/details?id=1"
[GIN] 2022/11/02 - 12:16:45 | 200 |     522.545µs |             ::1 | GET      "/api/v1/details?id=100"
